

============================== 2022-03-15 08:57:10.926055 | 33620ba0-67f0-4a76-842a-33717de46936 ==============================
08:57:10.926055 [info ] [MainThread]: Running with dbt=1.0.3
08:57:10.926347 [debug] [MainThread]: running dbt with arguments Namespace(record_timing_info=None, debug=None, log_format=None, write_json=None, use_colors=None, printer_width=None, warn_error=None, version_check=None, partial_parse=None, single_threaded=False, use_experimental_parser=None, static_parser=None, profiles_dir='/Users/kostas/.dbt', send_anonymous_usage_stats=None, fail_fast=None, event_buffer_size=None, project_dir=None, profile=None, target=None, vars='{}', log_cache_events=False, project_name='test_project', skip_profile_setup=False, defer=None, state=None, cls=<class 'dbt.task.init.InitTask'>, which='init', rpc_method=None)
08:57:10.926537 [debug] [MainThread]: Tracking: tracking
08:57:10.940853 [debug] [MainThread]: Sending event: {'category': 'dbt', 'action': 'invocation', 'label': 'start', 'context': [<snowplow_tracker.self_describing_json.SelfDescribingJson object at 0x107b80a00>, <snowplow_tracker.self_describing_json.SelfDescribingJson object at 0x104f70d00>, <snowplow_tracker.self_describing_json.SelfDescribingJson object at 0x104f70c70>]}
08:57:10.942502 [debug] [MainThread]: Starter project path: /Users/kostas/PycharmProjects/dbt-playground/venv/lib/python3.9/site-packages/dbt/include/starter_project
09:01:47.512967 [info ] [MainThread]: Profile test_project written to /Users/kostas/.dbt/profiles.yml using target's profile_template.yml and your supplied values. Run 'dbt debug' to validate the connection.
09:01:47.513394 [info ] [MainThread]: 
Your new dbt project "test_project" was created!

For more information on how to configure the profiles.yml file,
please consult the dbt documentation here:

  https://docs.getdbt.com/docs/configure-your-profile

One more thing:

Need help? Don't hesitate to reach out to us via GitHub issues or on Slack:

  https://community.getdbt.com/

Happy modeling!

09:01:47.513777 [debug] [MainThread]: Sending event: {'category': 'dbt', 'action': 'invocation', 'label': 'end', 'context': [<snowplow_tracker.self_describing_json.SelfDescribingJson object at 0x104f70d00>, <snowplow_tracker.self_describing_json.SelfDescribingJson object at 0x107b708e0>, <snowplow_tracker.self_describing_json.SelfDescribingJson object at 0x107b70a90>]}


============================== 2022-03-15 09:15:04.344700 | f101ea43-c76d-4769-bb6d-526affc1f726 ==============================
09:15:04.344700 [info ] [MainThread]: Running with dbt=1.0.3
09:15:04.344948 [debug] [MainThread]: running dbt with arguments Namespace(record_timing_info=None, debug=None, log_format=None, write_json=None, use_colors=None, printer_width=None, warn_error=None, version_check=None, partial_parse=None, single_threaded=False, use_experimental_parser=None, static_parser=None, profiles_dir='/Users/kostas/.dbt', send_anonymous_usage_stats=None, fail_fast=None, event_buffer_size=None, project_dir=None, profile=None, target=None, vars='{}', log_cache_events=False, config_dir=False, defer=None, state=None, cls=<class 'dbt.task.debug.DebugTask'>, which='debug', rpc_method=None)
09:15:04.345076 [debug] [MainThread]: Tracking: tracking
09:15:04.363293 [debug] [MainThread]: Sending event: {'category': 'dbt', 'action': 'invocation', 'label': 'start', 'context': [<snowplow_tracker.self_describing_json.SelfDescribingJson object at 0x103490190>, <snowplow_tracker.self_describing_json.SelfDescribingJson object at 0x10335a850>, <snowplow_tracker.self_describing_json.SelfDescribingJson object at 0x100880c40>]}
09:15:04.627612 [debug] [MainThread]: Executing "git --help"
09:15:04.638049 [debug] [MainThread]: STDOUT: "b"usage: git [--version] [--help] [-C <path>] [-c <name>=<value>]\n           [--exec-path[=<path>]] [--html-path] [--man-path] [--info-path]\n           [-p | --paginate | -P | --no-pager] [--no-replace-objects] [--bare]\n           [--git-dir=<path>] [--work-tree=<path>] [--namespace=<name>]\n           [--super-prefix=<path>] [--config-env=<name>=<envvar>]\n           <command> [<args>]\n\nThese are common Git commands used in various situations:\n\nstart a working area (see also: git help tutorial)\n   clone     Clone a repository into a new directory\n   init      Create an empty Git repository or reinitialize an existing one\n\nwork on the current change (see also: git help everyday)\n   add       Add file contents to the index\n   mv        Move or rename a file, a directory, or a symlink\n   restore   Restore working tree files\n   rm        Remove files from the working tree and from the index\n\nexamine the history and state (see also: git help revisions)\n   bisect    Use binary search to find the commit that introduced a bug\n   diff      Show changes between commits, commit and working tree, etc\n   grep      Print lines matching a pattern\n   log       Show commit logs\n   show      Show various types of objects\n   status    Show the working tree status\n\ngrow, mark and tweak your common history\n   branch    List, create, or delete branches\n   commit    Record changes to the repository\n   merge     Join two or more development histories together\n   rebase    Reapply commits on top of another base tip\n   reset     Reset current HEAD to the specified state\n   switch    Switch branches\n   tag       Create, list, delete or verify a tag object signed with GPG\n\ncollaborate (see also: git help workflows)\n   fetch     Download objects and refs from another repository\n   pull      Fetch from and integrate with another repository or a local branch\n   push      Update remote refs along with associated objects\n\n'git help -a' and 'git help -g' list available subcommands and some\nconcept guides. See 'git help <command>' or 'git help <concept>'\nto read about a specific subcommand or concept.\nSee 'git help git' for an overview of the system.\n""
09:15:04.638517 [debug] [MainThread]: STDERR: "b''"
09:15:04.639015 [debug] [MainThread]: Sending event: {'category': 'dbt', 'action': 'invocation', 'label': 'end', 'context': [<snowplow_tracker.self_describing_json.SelfDescribingJson object at 0x1034907f0>, <snowplow_tracker.self_describing_json.SelfDescribingJson object at 0x1041b0970>, <snowplow_tracker.self_describing_json.SelfDescribingJson object at 0x1041b0820>]}
